[0.017s] Invoking command in '/home/goksan/Work/lazyECS/Applications/ROS2/build/point_cloud_publisher': CMAKE_PREFIX_PATH=${CMAKE_PREFIX_PATH}:/opt/ros/eloquent /usr/bin/cmake --build /home/goksan/Work/lazyECS/Applications/ROS2/build/point_cloud_publisher -- -j12 -l12
[0.065s] [35m[1mScanning dependencies of target my_node[0m
[0.095s] [ 50%] [32mBuilding CXX object CMakeFiles/my_node.dir/src/my_node.cpp.o[0m
[0.874s] [01m[K/home/goksan/Work/lazyECS/Applications/ROS2/src/point_cloud_publisher/src/my_node.cpp:[m[K In constructor ‘[01m[KMinimalPublisher::MinimalPublisher()[m[K’:
[0.874s] [01m[K/home/goksan/Work/lazyECS/Applications/ROS2/src/point_cloud_publisher/src/my_node.cpp:23:90:[m[K [01;31m[Kerror: [m[Kno match for ‘[01m[Koperator=[m[K’ (operand types are ‘[01m[Krclcpp::Publisher<std_msgs::msg::String_<std::allocator<void> > >::SharedPtr {aka std::shared_ptr<rclcpp::Publisher<std_msgs::msg::String_<std::allocator<void> > > >}[m[K’ and ‘[01m[Kstd::shared_ptr<rclcpp::Publisher<sensor_msgs::msg::PointCloud2_<std::allocator<void> >, std::allocator<void> > >[m[K’)
[0.874s]        publisher_ = this->create_publisher<sensor_msgs::msg::PointCloud2>("pointcloud", 10[01;31m[K)[m[K;
[0.875s]                                                                                           [01;31m[K^[m[K
[0.875s] In file included from [01m[K/usr/include/c++/7/memory:81:0[m[K,
[0.875s]                  from [01m[K/home/goksan/Work/lazyECS/Applications/ROS2/src/point_cloud_publisher/src/my_node.cpp:3[m[K:
[0.875s] [01m[K/usr/include/c++/7/bits/shared_ptr.h:296:19:[m[K [01;36m[Knote: [m[Kcandidate: std::shared_ptr<_Tp>& std::shared_ptr<_Tp>::operator=(const std::shared_ptr<_Tp>&) [with _Tp = rclcpp::Publisher<std_msgs::msg::String_<std::allocator<void> > >]
[0.875s]        shared_ptr& [01;36m[Koperator[m[K=(const shared_ptr&) noexcept = default;
[0.875s]                    [01;36m[K^~~~~~~~[m[K
[0.875s] [01m[K/usr/include/c++/7/bits/shared_ptr.h:296:19:[m[K [01;36m[Knote: [m[K  no known conversion for argument 1 from ‘[01m[Kstd::shared_ptr<rclcpp::Publisher<sensor_msgs::msg::PointCloud2_<std::allocator<void> >, std::allocator<void> > >[m[K’ to ‘[01m[Kconst std::shared_ptr<rclcpp::Publisher<std_msgs::msg::String_<std::allocator<void> > > >&[m[K’
[0.875s] [01m[K/usr/include/c++/7/bits/shared_ptr.h:300:2:[m[K [01;36m[Knote: [m[Kcandidate: template<class _Yp> std::shared_ptr<_Tp>::_Assignable<const std::shared_ptr<_Yp>&> std::shared_ptr<_Tp>::operator=(const std::shared_ptr<_Yp>&) [with _Yp = _Yp; _Tp = rclcpp::Publisher<std_msgs::msg::String_<std::allocator<void> > >]
[0.876s]   [01;36m[Koperator[m[K=(const shared_ptr<_Yp>& __r) noexcept
[0.876s]   [01;36m[K^~~~~~~~[m[K
[0.876s] [01m[K/usr/include/c++/7/bits/shared_ptr.h:300:2:[m[K [01;36m[Knote: [m[K  template argument deduction/substitution failed:
[0.876s] [01m[K/usr/include/c++/7/bits/shared_ptr.h:309:2:[m[K [01;36m[Knote: [m[Kcandidate: template<class _Yp> std::shared_ptr<_Tp>::_Assignable<std::auto_ptr<_Up> > std::shared_ptr<_Tp>::operator=(std::auto_ptr<_Up>&&) [with _Yp = _Yp; _Tp = rclcpp::Publisher<std_msgs::msg::String_<std::allocator<void> > >]
[0.876s]   [01;36m[Koperator[m[K=(auto_ptr<_Yp>&& __r)
[0.876s]   [01;36m[K^~~~~~~~[m[K
[0.876s] [01m[K/usr/include/c++/7/bits/shared_ptr.h:309:2:[m[K [01;36m[Knote: [m[K  template argument deduction/substitution failed:
[0.877s] [01m[K/home/goksan/Work/lazyECS/Applications/ROS2/src/point_cloud_publisher/src/my_node.cpp:23:90:[m[K [01;36m[Knote: [m[K  ‘[01m[Kstd::shared_ptr<rclcpp::Publisher<sensor_msgs::msg::PointCloud2_<std::allocator<void> >, std::allocator<void> > >[m[K’ is not derived from ‘[01m[Kstd::auto_ptr<_Up>[m[K’
[0.877s]        publisher_ = this->create_publisher<sensor_msgs::msg::PointCloud2>("pointcloud", 10[01;36m[K)[m[K;
[0.877s]                                                                                           [01;36m[K^[m[K
[0.877s] In file included from [01m[K/usr/include/c++/7/memory:81:0[m[K,
[0.877s]                  from [01m[K/home/goksan/Work/lazyECS/Applications/ROS2/src/point_cloud_publisher/src/my_node.cpp:3[m[K:
[0.877s] [01m[K/usr/include/c++/7/bits/shared_ptr.h:317:7:[m[K [01;36m[Knote: [m[Kcandidate: std::shared_ptr<_Tp>& std::shared_ptr<_Tp>::operator=(std::shared_ptr<_Tp>&&) [with _Tp = rclcpp::Publisher<std_msgs::msg::String_<std::allocator<void> > >]
[0.877s]        [01;36m[Koperator[m[K=(shared_ptr&& __r) noexcept
[0.877s]        [01;36m[K^~~~~~~~[m[K
[0.878s] [01m[K/usr/include/c++/7/bits/shared_ptr.h:317:7:[m[K [01;36m[Knote: [m[K  no known conversion for argument 1 from ‘[01m[Kstd::shared_ptr<rclcpp::Publisher<sensor_msgs::msg::PointCloud2_<std::allocator<void> >, std::allocator<void> > >[m[K’ to ‘[01m[Kstd::shared_ptr<rclcpp::Publisher<std_msgs::msg::String_<std::allocator<void> > > >&&[m[K’
[0.878s] [01m[K/usr/include/c++/7/bits/shared_ptr.h:325:2:[m[K [01;36m[Knote: [m[Kcandidate: template<class _Yp> std::shared_ptr<_Tp>::_Assignable<std::shared_ptr<_Yp> > std::shared_ptr<_Tp>::operator=(std::shared_ptr<_Yp>&&) [with _Yp = _Yp; _Tp = rclcpp::Publisher<std_msgs::msg::String_<std::allocator<void> > >]
[0.878s]   [01;36m[Koperator[m[K=(shared_ptr<_Yp>&& __r) noexcept
[0.878s]   [01;36m[K^~~~~~~~[m[K
[0.878s] [01m[K/usr/include/c++/7/bits/shared_ptr.h:325:2:[m[K [01;36m[Knote: [m[K  template argument deduction/substitution failed:
[0.878s] [01m[K/usr/include/c++/7/bits/shared_ptr.h:333:2:[m[K [01;36m[Knote: [m[Kcandidate: template<class _Yp, class _Del> std::shared_ptr<_Tp>::_Assignable<std::unique_ptr<_Up, _Ep> > std::shared_ptr<_Tp>::operator=(std::unique_ptr<_Up, _Ep>&&) [with _Yp = _Yp; _Del = _Del; _Tp = rclcpp::Publisher<std_msgs::msg::String_<std::allocator<void> > >]
[0.878s]   [01;36m[Koperator[m[K=(unique_ptr<_Yp, _Del>&& __r)
[0.878s]   [01;36m[K^~~~~~~~[m[K
[0.879s] [01m[K/usr/include/c++/7/bits/shared_ptr.h:333:2:[m[K [01;36m[Knote: [m[K  template argument deduction/substitution failed:
[0.879s] [01m[K/home/goksan/Work/lazyECS/Applications/ROS2/src/point_cloud_publisher/src/my_node.cpp:23:90:[m[K [01;36m[Knote: [m[K  ‘[01m[Kstd::shared_ptr<rclcpp::Publisher<sensor_msgs::msg::PointCloud2_<std::allocator<void> >, std::allocator<void> > >[m[K’ is not derived from ‘[01m[Kstd::unique_ptr<_Tp, _Dp>[m[K’
[0.879s]        publisher_ = this->create_publisher<sensor_msgs::msg::PointCloud2>("pointcloud", 10[01;36m[K)[m[K;
[0.879s]                                                                                           [01;36m[K^[m[K
[0.887s] [01m[K/home/goksan/Work/lazyECS/Applications/ROS2/src/point_cloud_publisher/src/my_node.cpp:[m[K In member function ‘[01m[Kvoid MinimalPublisher::timer_callback()[m[K’:
[0.887s] [01m[K/home/goksan/Work/lazyECS/Applications/ROS2/src/point_cloud_publisher/src/my_node.cpp:35:27:[m[K [01;31m[Kerror: [m[K‘[01m[Kmessage[m[K’ was not declared in this scope
[0.887s]        publisher_->publish([01;31m[Kmessage[m[K);
[0.888s]                            [01;31m[K^~~~~~~[m[K
[1.349s] make[2]: *** [CMakeFiles/my_node.dir/src/my_node.cpp.o] Error 1
[1.350s] CMakeFiles/my_node.dir/build.make:62: recipe for target 'CMakeFiles/my_node.dir/src/my_node.cpp.o' failed
[1.350s] CMakeFiles/Makefile2:131: recipe for target 'CMakeFiles/my_node.dir/all' failed
[1.350s] make[1]: *** [CMakeFiles/my_node.dir/all] Error 2
[1.350s] make: *** [all] Error 2
[1.350s] Makefile:140: recipe for target 'all' failed
[1.352s] Invoked command in '/home/goksan/Work/lazyECS/Applications/ROS2/build/point_cloud_publisher' returned '2': CMAKE_PREFIX_PATH=${CMAKE_PREFIX_PATH}:/opt/ros/eloquent /usr/bin/cmake --build /home/goksan/Work/lazyECS/Applications/ROS2/build/point_cloud_publisher -- -j12 -l12
