-- The C compiler identification is GNU 7.5.0
-- The CXX compiler identification is GNU 7.5.0
-- Check for working C compiler: /usr/bin/cc
-- Check for working C compiler: /usr/bin/cc -- works
-- Detecting C compiler ABI info
-- Detecting C compiler ABI info - done
-- Detecting C compile features
-- Detecting C compile features - done
-- Check for working CXX compiler: /usr/bin/c++
-- Check for working CXX compiler: /usr/bin/c++ -- works
-- Detecting CXX compiler ABI info
-- Detecting CXX compiler ABI info - done
-- Detecting CXX compile features
-- Detecting CXX compile features - done
-- Found ament_cmake: 0.8.3 (/opt/ros/eloquent/share/ament_cmake/cmake)
-- Found PythonInterp: /usr/bin/python3 (found suitable version "3.6.9", minimum required is "3") 
-- Using PYTHON_EXECUTABLE: /usr/bin/python3
-- Found ament_lint_auto: 0.8.2 (/opt/ros/eloquent/share/ament_lint_auto/cmake)
-- Added test 'copyright' to check for copyright in CMake / C / C++ / Python code
-- Added test 'cppcheck' to perform static code analysis on C / C++ code
-- Configured cppcheck include dirs: $<BUILD_INTERFACE:/home/goksan/Work/lazyECS/Applications/ROS2/src/point_cloud_publisher/include>
-- Added test 'cpplint' to check C / C++ code against the Google style
-- Added test 'lint_cmake' to check CMake code style
-- Added test 'uncrustify' to check C / C++ code style
-- Added test 'xmllint' to check XML markup files
-- Configuring done
-- Generating done
-- Build files have been written to: /home/goksan/Work/lazyECS/Applications/ROS2/build/point_cloud_publisher
[35m[1mScanning dependencies of target my_node[0m
[ 50%] [32mBuilding CXX object CMakeFiles/my_node.dir/src/my_node.cpp.o[0m
[100%] [32m[1mLinking CXX executable my_node[0m
[100%] Built target my_node
[100%] Built target my_node
[36mInstall the project...[0m
-- Install configuration: ""
-- Installing: /home/goksan/Work/lazyECS/Applications/ROS2/install/point_cloud_publisher/lib/point_cloud_publisher/my_node
-- Installing: /home/goksan/Work/lazyECS/Applications/ROS2/install/point_cloud_publisher/share/ament_index/resource_index/package_run_dependencies/point_cloud_publisher
-- Installing: /home/goksan/Work/lazyECS/Applications/ROS2/install/point_cloud_publisher/share/ament_index/resource_index/parent_prefix_path/point_cloud_publisher
-- Installing: /home/goksan/Work/lazyECS/Applications/ROS2/install/point_cloud_publisher/share/point_cloud_publisher/environment/ament_prefix_path.sh
-- Installing: /home/goksan/Work/lazyECS/Applications/ROS2/install/point_cloud_publisher/share/point_cloud_publisher/environment/ament_prefix_path.dsv
-- Installing: /home/goksan/Work/lazyECS/Applications/ROS2/install/point_cloud_publisher/share/point_cloud_publisher/environment/path.sh
-- Installing: /home/goksan/Work/lazyECS/Applications/ROS2/install/point_cloud_publisher/share/point_cloud_publisher/environment/path.dsv
-- Installing: /home/goksan/Work/lazyECS/Applications/ROS2/install/point_cloud_publisher/share/point_cloud_publisher/local_setup.bash
-- Installing: /home/goksan/Work/lazyECS/Applications/ROS2/install/point_cloud_publisher/share/point_cloud_publisher/local_setup.sh
-- Installing: /home/goksan/Work/lazyECS/Applications/ROS2/install/point_cloud_publisher/share/point_cloud_publisher/local_setup.zsh
-- Installing: /home/goksan/Work/lazyECS/Applications/ROS2/install/point_cloud_publisher/share/point_cloud_publisher/local_setup.dsv
-- Installing: /home/goksan/Work/lazyECS/Applications/ROS2/install/point_cloud_publisher/share/point_cloud_publisher/package.dsv
-- Installing: /home/goksan/Work/lazyECS/Applications/ROS2/install/point_cloud_publisher/share/ament_index/resource_index/packages/point_cloud_publisher
-- Installing: /home/goksan/Work/lazyECS/Applications/ROS2/install/point_cloud_publisher/share/point_cloud_publisher/cmake/point_cloud_publisherConfig.cmake
-- Installing: /home/goksan/Work/lazyECS/Applications/ROS2/install/point_cloud_publisher/share/point_cloud_publisher/cmake/point_cloud_publisherConfig-version.cmake
-- Installing: /home/goksan/Work/lazyECS/Applications/ROS2/install/point_cloud_publisher/share/point_cloud_publisher/package.xml
