[0.014s] Invoking command in '/home/goksan/Work/lazyECS/Applications/ROS2/build/point_cloud_publisher': CMAKE_PREFIX_PATH=/opt/ros/eloquent /usr/bin/cmake /home/goksan/Work/lazyECS/Applications/ROS2/src/point_cloud_publisher -DCMAKE_INSTALL_PREFIX=/home/goksan/Work/lazyECS/Applications/ROS2/install/point_cloud_publisher
[0.082s] -- The C compiler identification is GNU 7.5.0
[0.142s] -- The CXX compiler identification is GNU 7.5.0
[0.148s] -- Check for working C compiler: /usr/bin/cc
[0.227s] -- Check for working C compiler: /usr/bin/cc -- works
[0.228s] -- Detecting C compiler ABI info
[0.301s] -- Detecting C compiler ABI info - done
[0.309s] -- Detecting C compile features
[0.547s] -- Detecting C compile features - done
[0.550s] -- Check for working CXX compiler: /usr/bin/c++
[0.643s] -- Check for working CXX compiler: /usr/bin/c++ -- works
[0.644s] -- Detecting CXX compiler ABI info
[0.734s] -- Detecting CXX compiler ABI info - done
[0.742s] -- Detecting CXX compile features
[1.119s] -- Detecting CXX compile features - done
[1.122s] -- Found ament_cmake: 0.8.3 (/opt/ros/eloquent/share/ament_cmake/cmake)
[1.153s] -- Found PythonInterp: /usr/bin/python3 (found suitable version "3.6.9", minimum required is "3") 
[1.153s] -- Using PYTHON_EXECUTABLE: /usr/bin/python3
[1.337s] -- Found ament_lint_auto: 0.8.2 (/opt/ros/eloquent/share/ament_lint_auto/cmake)
[1.416s] -- Added test 'copyright' to check for copyright in CMake / C / C++ / Python code
[1.417s] -- Added test 'cppcheck' to perform static code analysis on C / C++ code
[1.417s] -- Configured cppcheck include dirs: $<BUILD_INTERFACE:/home/goksan/Work/lazyECS/Applications/ROS2/src/point_cloud_publisher/include>
[1.417s] -- Added test 'cpplint' to check C / C++ code against the Google style
[1.418s] -- Added test 'lint_cmake' to check CMake code style
[1.419s] -- Added test 'uncrustify' to check C / C++ code style
[1.419s] -- Added test 'xmllint' to check XML markup files
[1.420s] -- Configuring done
[1.424s] -- Generating done
[1.425s] -- Build files have been written to: /home/goksan/Work/lazyECS/Applications/ROS2/build/point_cloud_publisher
[1.428s] Invoked command in '/home/goksan/Work/lazyECS/Applications/ROS2/build/point_cloud_publisher' returned '0': CMAKE_PREFIX_PATH=/opt/ros/eloquent /usr/bin/cmake /home/goksan/Work/lazyECS/Applications/ROS2/src/point_cloud_publisher -DCMAKE_INSTALL_PREFIX=/home/goksan/Work/lazyECS/Applications/ROS2/install/point_cloud_publisher
[1.432s] Invoking command in '/home/goksan/Work/lazyECS/Applications/ROS2/build/point_cloud_publisher': CMAKE_PREFIX_PATH=/opt/ros/eloquent /usr/bin/cmake --build /home/goksan/Work/lazyECS/Applications/ROS2/build/point_cloud_publisher -- -j12 -l12
[1.481s] [35m[1mScanning dependencies of target my_node[0m
[1.494s] [ 50%] [32mBuilding CXX object CMakeFiles/my_node.dir/src/my_node.cpp.o[0m
[1.523s] [100%] [32m[1mLinking CXX executable my_node[0m
[1.572s] [100%] Built target my_node
[1.587s] Invoked command in '/home/goksan/Work/lazyECS/Applications/ROS2/build/point_cloud_publisher' returned '0': CMAKE_PREFIX_PATH=/opt/ros/eloquent /usr/bin/cmake --build /home/goksan/Work/lazyECS/Applications/ROS2/build/point_cloud_publisher -- -j12 -l12
[1.633s] Invoking command in '/home/goksan/Work/lazyECS/Applications/ROS2/build/point_cloud_publisher': CMAKE_PREFIX_PATH=/opt/ros/eloquent /usr/bin/cmake --build /home/goksan/Work/lazyECS/Applications/ROS2/build/point_cloud_publisher --target install -- -j12 -l12
[1.701s] [100%] Built target my_node
[1.721s] [36mInstall the project...[0m
[1.732s] -- Install configuration: ""
[1.733s] -- Installing: /home/goksan/Work/lazyECS/Applications/ROS2/install/point_cloud_publisher/lib/point_cloud_publisher/my_node
[1.733s] -- Installing: /home/goksan/Work/lazyECS/Applications/ROS2/install/point_cloud_publisher/share/ament_index/resource_index/package_run_dependencies/point_cloud_publisher
[1.733s] -- Installing: /home/goksan/Work/lazyECS/Applications/ROS2/install/point_cloud_publisher/share/ament_index/resource_index/parent_prefix_path/point_cloud_publisher
[1.733s] -- Installing: /home/goksan/Work/lazyECS/Applications/ROS2/install/point_cloud_publisher/share/point_cloud_publisher/environment/ament_prefix_path.sh
[1.733s] -- Installing: /home/goksan/Work/lazyECS/Applications/ROS2/install/point_cloud_publisher/share/point_cloud_publisher/environment/ament_prefix_path.dsv
[1.734s] -- Installing: /home/goksan/Work/lazyECS/Applications/ROS2/install/point_cloud_publisher/share/point_cloud_publisher/environment/path.sh
[1.734s] -- Installing: /home/goksan/Work/lazyECS/Applications/ROS2/install/point_cloud_publisher/share/point_cloud_publisher/environment/path.dsv
[1.734s] -- Installing: /home/goksan/Work/lazyECS/Applications/ROS2/install/point_cloud_publisher/share/point_cloud_publisher/local_setup.bash
[1.734s] -- Installing: /home/goksan/Work/lazyECS/Applications/ROS2/install/point_cloud_publisher/share/point_cloud_publisher/local_setup.sh
[1.734s] -- Installing: /home/goksan/Work/lazyECS/Applications/ROS2/install/point_cloud_publisher/share/point_cloud_publisher/local_setup.zsh
[1.735s] -- Installing: /home/goksan/Work/lazyECS/Applications/ROS2/install/point_cloud_publisher/share/point_cloud_publisher/local_setup.dsv
[1.735s] -- Installing: /home/goksan/Work/lazyECS/Applications/ROS2/install/point_cloud_publisher/share/point_cloud_publisher/package.dsv
[1.735s] -- Installing: /home/goksan/Work/lazyECS/Applications/ROS2/install/point_cloud_publisher/share/ament_index/resource_index/packages/point_cloud_publisher
[1.735s] -- Installing: /home/goksan/Work/lazyECS/Applications/ROS2/install/point_cloud_publisher/share/point_cloud_publisher/cmake/point_cloud_publisherConfig.cmake
[1.735s] -- Installing: /home/goksan/Work/lazyECS/Applications/ROS2/install/point_cloud_publisher/share/point_cloud_publisher/cmake/point_cloud_publisherConfig-version.cmake
[1.735s] -- Installing: /home/goksan/Work/lazyECS/Applications/ROS2/install/point_cloud_publisher/share/point_cloud_publisher/package.xml
[1.739s] Invoked command in '/home/goksan/Work/lazyECS/Applications/ROS2/build/point_cloud_publisher' returned '0': CMAKE_PREFIX_PATH=/opt/ros/eloquent /usr/bin/cmake --build /home/goksan/Work/lazyECS/Applications/ROS2/build/point_cloud_publisher --target install -- -j12 -l12
