[0.015s] Invoking command in '/home/goksan/Work/lazyECS/Applications/ROS2/build/point_cloud_publisher': CMAKE_PREFIX_PATH=${CMAKE_PREFIX_PATH}:/opt/ros/eloquent /usr/bin/cmake --build /home/goksan/Work/lazyECS/Applications/ROS2/build/point_cloud_publisher -- -j12 -l12
[0.068s] [35m[1mScanning dependencies of target my_node[0m
[0.097s] [ 50%] [32mBuilding CXX object CMakeFiles/my_node.dir/src/my_node.cpp.o[0m
[0.836s] [01m[K/home/goksan/Work/lazyECS/Applications/ROS2/src/point_cloud_publisher/src/my_node.cpp:[m[K In constructor ‘[01m[KMinimalPublisher::MinimalPublisher()[m[K’:
[0.836s] [01m[K/home/goksan/Work/lazyECS/Applications/ROS2/src/point_cloud_publisher/src/my_node.cpp:23:113:[m[K [01;31m[Kerror: [m[Kcannot call member function ‘[01m[Krclcpp::QoS& rclcpp::QoS::best_effort()[m[K’ without object
[0.836s]        publisher_ = this->create_publisher<sensor_msgs::msg::PointCloud2>("pointcloud", rclcpp::QoS::best_effort([01;31m[K)[m[K);
[0.837s]                                                                                                                  [01;31m[K^[m[K
[0.855s] [01m[K/home/goksan/Work/lazyECS/Applications/ROS2/src/point_cloud_publisher/src/my_node.cpp:[m[K In member function ‘[01m[Kvoid MinimalPublisher::timer_callback()[m[K’:
[0.856s] [01m[K/home/goksan/Work/lazyECS/Applications/ROS2/src/point_cloud_publisher/src/my_node.cpp:35:42:[m[K [01;31m[Kerror: [m[Kno matching function for call to ‘[01m[Krclcpp::Publisher<std_msgs::msg::String_<std::allocator<void> > >::publish(sensor_msgs::msg::PointCloud2&)[m[K’
[0.856s]        publisher_->publish(point_cloud_msg[01;31m[K)[m[K;
[0.856s]                                           [01;31m[K^[m[K
[0.856s] In file included from [01m[K/opt/ros/eloquent/include/rclcpp/node_interfaces/node_topics_interface.hpp:26:0[m[K,
[0.856s]                  from [01m[K/opt/ros/eloquent/include/rclcpp/node.hpp:55[m[K,
[0.856s]                  from [01m[K/opt/ros/eloquent/include/rclcpp/executors/single_threaded_executor.hpp:28[m[K,
[0.856s]                  from [01m[K/opt/ros/eloquent/include/rclcpp/executors.hpp:22[m[K,
[0.857s]                  from [01m[K/opt/ros/eloquent/include/rclcpp/rclcpp.hpp:145[m[K,
[0.857s]                  from [01m[K/home/goksan/Work/lazyECS/Applications/ROS2/src/point_cloud_publisher/src/my_node.cpp:6[m[K:
[0.857s] [01m[K/opt/ros/eloquent/include/rclcpp/publisher.hpp:159:3:[m[K [01;36m[Knote: [m[Kcandidate: void rclcpp::Publisher<MessageT, AllocatorT>::publish(std::unique_ptr<MessageT, typename std::conditional<std::is_same<typename std::allocator_traits<typename std::allocator_traits<_Alloc>::rebind_traits<MessageT>::allocator_type>::rebind_alloc<MessageT>, typename std::allocator<void>::rebind<_Tp1>::other>::value, std::default_delete<_Tp>, rclcpp::allocator::AllocatorDeleter<typename std::allocator_traits<_Alloc>::rebind_traits<MessageT>::allocator_type> >::type>) [with MessageT = std_msgs::msg::String_<std::allocator<void> >; AllocatorT = std::allocator<void>; typename std::conditional<std::is_same<typename std::allocator_traits<typename std::allocator_traits<_Alloc>::rebind_traits<MessageT>::allocator_type>::rebind_alloc<MessageT>, typename std::allocator<void>::rebind<_Tp1>::other>::value, std::default_delete<_Tp>, rclcpp::allocator::AllocatorDeleter<typename std::allocator_traits<_Alloc>::rebind_traits<MessageT>::allocator_type> >::type = std::default_delete<std_msgs::msg::String_<std::allocator<void> > >]
[0.857s]    [01;36m[Kpublish[m[K(std::unique_ptr<MessageT, MessageDeleter> msg)
[0.857s]    [01;36m[K^~~~~~~[m[K
[0.857s] [01m[K/opt/ros/eloquent/include/rclcpp/publisher.hpp:159:3:[m[K [01;36m[Knote: [m[K  no known conversion for argument 1 from ‘[01m[Ksensor_msgs::msg::PointCloud2 {aka sensor_msgs::msg::PointCloud2_<std::allocator<void> >}[m[K’ to ‘[01m[Kstd::unique_ptr<std_msgs::msg::String_<std::allocator<void> >, std::default_delete<std_msgs::msg::String_<std::allocator<void> > > >[m[K’
[0.857s] [01m[K/opt/ros/eloquent/include/rclcpp/publisher.hpp:183:3:[m[K [01;36m[Knote: [m[Kcandidate: void rclcpp::Publisher<MessageT, AllocatorT>::publish(const MessageT&) [with MessageT = std_msgs::msg::String_<std::allocator<void> >; AllocatorT = std::allocator<void>]
[0.858s]    [01;36m[Kpublish[m[K(const MessageT & msg)
[0.858s]    [01;36m[K^~~~~~~[m[K
[0.858s] [01m[K/opt/ros/eloquent/include/rclcpp/publisher.hpp:183:3:[m[K [01;36m[Knote: [m[K  no known conversion for argument 1 from ‘[01m[Ksensor_msgs::msg::PointCloud2 {aka sensor_msgs::msg::PointCloud2_<std::allocator<void> >}[m[K’ to ‘[01m[Kconst std_msgs::msg::String_<std::allocator<void> >&[m[K’
[0.858s] [01m[K/opt/ros/eloquent/include/rclcpp/publisher.hpp:200:3:[m[K [01;36m[Knote: [m[Kcandidate: void rclcpp::Publisher<MessageT, AllocatorT>::publish(const rcl_serialized_message_t&) [with MessageT = std_msgs::msg::String_<std::allocator<void> >; AllocatorT = std::allocator<void>; rcl_serialized_message_t = rcutils_uint8_array_t]
[0.858s]    [01;36m[Kpublish[m[K(const rcl_serialized_message_t & serialized_msg)
[0.858s]    [01;36m[K^~~~~~~[m[K
[0.859s] [01m[K/opt/ros/eloquent/include/rclcpp/publisher.hpp:200:3:[m[K [01;36m[Knote: [m[K  no known conversion for argument 1 from ‘[01m[Ksensor_msgs::msg::PointCloud2 {aka sensor_msgs::msg::PointCloud2_<std::allocator<void> >}[m[K’ to ‘[01m[Kconst rcl_serialized_message_t& {aka const rcutils_uint8_array_t&}[m[K’
[0.859s] [01m[K/opt/ros/eloquent/include/rclcpp/publisher.hpp:214:3:[m[K [01;36m[Knote: [m[Kcandidate: void rclcpp::Publisher<MessageT, AllocatorT>::publish(rclcpp::LoanedMessage<MessageT, AllocatorT>&&) [with MessageT = std_msgs::msg::String_<std::allocator<void> >; AllocatorT = std::allocator<void>]
[0.859s]    [01;36m[Kpublish[m[K(rclcpp::LoanedMessage<MessageT, AllocatorT> && loaned_msg)
[0.859s]    [01;36m[K^~~~~~~[m[K
[0.859s] [01m[K/opt/ros/eloquent/include/rclcpp/publisher.hpp:214:3:[m[K [01;36m[Knote: [m[K  no known conversion for argument 1 from ‘[01m[Ksensor_msgs::msg::PointCloud2 {aka sensor_msgs::msg::PointCloud2_<std::allocator<void> >}[m[K’ to ‘[01m[Krclcpp::LoanedMessage<std_msgs::msg::String_<std::allocator<void> >, std::allocator<void> >&&[m[K’
[1.031s] CMakeFiles/my_node.dir/build.make:62: recipe for target 'CMakeFiles/my_node.dir/src/my_node.cpp.o' failed
[1.031s] make[2]: *** [CMakeFiles/my_node.dir/src/my_node.cpp.o] Error 1
[1.031s] CMakeFiles/Makefile2:131: recipe for target 'CMakeFiles/my_node.dir/all' failed
[1.031s] make[1]: *** [CMakeFiles/my_node.dir/all] Error 2
[1.032s] make: *** [all] Error 2
[1.032s] Makefile:140: recipe for target 'all' failed
[1.033s] Invoked command in '/home/goksan/Work/lazyECS/Applications/ROS2/build/point_cloud_publisher' returned '2': CMAKE_PREFIX_PATH=${CMAKE_PREFIX_PATH}:/opt/ros/eloquent /usr/bin/cmake --build /home/goksan/Work/lazyECS/Applications/ROS2/build/point_cloud_publisher -- -j12 -l12
